  CollisionManager.cpp
C:\Users\Naifh\code\galactic-defender\SpaceInvadersGL\external\SFML-3.0.0\include\SFML\System\Exception.hpp(41,47): warning C4275: non dll-interface class 'std::runtime_error' used as base for dll-interface class 'sf::Exception'
  (compiling source file 'src/CollisionManager.cpp')
      C:\Program Files\Microsoft Visual Studio\2022\Community\VC\Tools\MSVC\14.44.35207\include\stdexcept(100,30):
      see declaration of 'std::runtime_error'
      C:\Users\Naifh\code\galactic-defender\SpaceInvadersGL\external\SFML-3.0.0\include\SFML\System\Exception.hpp(41,23):
      see declaration of 'sf::Exception'
  
C:\Users\Naifh\code\galactic-defender\SpaceInvadersGL\SpaceInvadersGL\src\CollisionManager.cpp(27,14): error C2059: syntax error: ';'
C:\Users\Naifh\code\galactic-defender\SpaceInvadersGL\SpaceInvadersGL\src\CollisionManager.cpp(33,1): error C2059: syntax error: '}'
C:\Users\Naifh\code\galactic-defender\SpaceInvadersGL\SpaceInvadersGL\src\CollisionManager.cpp(33,1): error C2143: syntax error: missing ';' before '}'
C:\Users\Naifh\code\galactic-defender\SpaceInvadersGL\SpaceInvadersGL\src\CollisionManager.cpp(35,72): error C2143: syntax error: missing ';' before '{'
C:\Users\Naifh\code\galactic-defender\SpaceInvadersGL\SpaceInvadersGL\src\CollisionManager.cpp(35,72): error C2447: '{': missing function header (old-style formal list?)
  Game.cpp
C:\Users\Naifh\code\galactic-defender\SpaceInvadersGL\external\SFML-3.0.0\include\SFML\System\Exception.hpp(41,47): warning C4275: non dll-interface class 'std::runtime_error' used as base for dll-interface class 'sf::Exception'
  (compiling source file 'src/Game.cpp')
      C:\Program Files\Microsoft Visual Studio\2022\Community\VC\Tools\MSVC\14.44.35207\include\stdexcept(100,30):
      see declaration of 'std::runtime_error'
      C:\Users\Naifh\code\galactic-defender\SpaceInvadersGL\external\SFML-3.0.0\include\SFML\System\Exception.hpp(41,23):
      see declaration of 'sf::Exception'
  
  Player.cpp
C:\Users\Naifh\code\galactic-defender\SpaceInvadersGL\external\SFML-3.0.0\include\SFML\System\Exception.hpp(41,47): warning C4275: non dll-interface class 'std::runtime_error' used as base for dll-interface class 'sf::Exception'
  (compiling source file 'src/Player.cpp')
      C:\Program Files\Microsoft Visual Studio\2022\Community\VC\Tools\MSVC\14.44.35207\include\stdexcept(100,30):
      see declaration of 'std::runtime_error'
      C:\Users\Naifh\code\galactic-defender\SpaceInvadersGL\external\SFML-3.0.0\include\SFML\System\Exception.hpp(41,23):
      see declaration of 'sf::Exception'
  
  SpaceInvadersGL.cpp
C:\Users\Naifh\code\galactic-defender\SpaceInvadersGL\external\SFML-3.0.0\include\SFML\System\Exception.hpp(41,47): warning C4275: non dll-interface class 'std::runtime_error' used as base for dll-interface class 'sf::Exception'
  (compiling source file 'src/SpaceInvadersGL.cpp')
      C:\Program Files\Microsoft Visual Studio\2022\Community\VC\Tools\MSVC\14.44.35207\include\stdexcept(100,30):
      see declaration of 'std::runtime_error'
      C:\Users\Naifh\code\galactic-defender\SpaceInvadersGL\external\SFML-3.0.0\include\SFML\System\Exception.hpp(41,23):
      see declaration of 'sf::Exception'
  
C:\Users\Naifh\code\galactic-defender\SpaceInvadersGL\SpaceInvadersGL\src\SpaceInvadersGL.cpp(31,10): warning C4091: '': ignored on left of 'std::vector<std::unique_ptr<GameObject,std::default_delete<GameObject>>,std::allocator<std::unique_ptr<GameObject,std::default_delete<GameObject>>>>' when no variable is declared
  Generating Code...
